<?xml version="1.0" encoding="UTF-8"?>
<!-- Generated by org.testng.reporters.JUnitXMLReporter -->
<testsuite hostname="Anils-MacBook-Pro.local" ignored="0" name="Selenium Testing" tests="5" failures="0" timestamp="12 Nov 2017 04:31:59 GMT" time="42.041" errors="0">
  <testcase name="DirectEnergy_test001" time="5.02" classname="tests.PageNavigationTest"/>
  <testcase name="flightcancel" time="9.198" classname="tests.GoogleSearchFlightBookingTest"/>
  <testcase name="LestKodeIt_Test001" time="13.865" classname="tests.PageNavigationTest"/>
  <testcase name="LestKodeIt_Test002" time="3.273" classname="tests.PageNavigationTest"/>
  <testcase name="LestKodeIt_Test004" time="16.762" classname="tests.PageNavigationTest"/>
</testsuite> <!-- Selenium Testing -->
