<?xml version="1.0" encoding="UTF-8"?>
<!-- Generated by org.testng.reporters.JUnitXMLReporter -->
<testsuite hostname="ANHROG" ignored="4" name="Selenium Testing" tests="5" failures="0" timestamp="24 Sep 2017 01:40:00 GMT" time="34.678" errors="0">
  <testcase name="DirectEnergy_test001" time="1.75" classname="tests.PageNavigationTest"/>
  <testcase name="flightcancel" time="5.123" classname="tests.GoogleSearchFlightBookingTest"/>
  <testcase name="LestKodeIt_Test001" time="6.579" classname="tests.PageNavigationTest"/>
  <testcase name="LestKodeIt_Test002" time="1.805" classname="tests.PageNavigationTest"/>
  <testcase name="LestKodeIt_Test004" time="12.722" classname="tests.PageNavigationTest"/>
  <testcase name="@BeforeSuite beforeSuite" time="0.0" classname="pages.BaseSetup">
    <ignored/>
  </testcase> <!-- @BeforeSuite beforeSuite -->
  <testcase name="@AfterSuite afterSuite" time="0.0" classname="pages.BaseSetup">
    <ignored/>
  </testcase> <!-- @AfterSuite afterSuite -->
  <testcase name="@BeforeTest beforeTest" time="0.0" classname="pages.BaseSetup">
    <ignored/>
  </testcase> <!-- @BeforeTest beforeTest -->
  <testcase name="@AfterTest afterTest" time="0.0" classname="pages.BaseSetup">
    <ignored/>
  </testcase> <!-- @AfterTest afterTest -->
</testsuite> <!-- Selenium Testing -->
