<?xml version="1.0" encoding="UTF-8"?>
<testng-results skipped="0" failed="0" ignored="4" total="9" passed="5">
  <reporter-output>
    <line>
      <![CDATA[On Start Listner: Test Group Name = Selenium Testing
]]>
    </line>
    <line>
      <![CDATA[Before Method]]>
    </line>
    <line>
      <![CDATA[On Start Listner: Test Group Name = Selenium Testing
]]>
    </line>
    <line>
      <![CDATA[Before Method]]>
    </line>
    <line>
      <![CDATA[On Test Start Listner: Begining Test name : flightcancel started execution]]>
    </line>
    <line>
      <![CDATA[On Test Start Listner: Begining Test name : flightcancel started execution]]>
    </line>
    <line>
      <![CDATA[On Test Success Listner: Test Name : DirectEnergy_test001 Passed successfully]]>
    </line>
    <line>
      <![CDATA[After Method]]>
    </line>
    <line>
      <![CDATA[Before Method]]>
    </line>
    <line>
      <![CDATA[On Test Start Listner: Begining Test name : LestKodeIt_Test001 started execution]]>
    </line>
    <line>
      <![CDATA[On Test Success Listner: Test Name : flightcancel Passed successfully]]>
    </line>
    <line>
      <![CDATA[After Method]]>
    </line>
    <line>
      <![CDATA[On Test Success Listner: Test Name : LestKodeIt_Test001 Passed successfully]]>
    </line>
    <line>
      <![CDATA[After Method]]>
    </line>
    <line>
      <![CDATA[Before Method]]>
    </line>
    <line>
      <![CDATA[On Test Start Listner: Begining Test name : LestKodeIt_Test002 started execution]]>
    </line>
    <line>
      <![CDATA[On Test Success Listner: Test Name : LestKodeIt_Test002 Passed successfully]]>
    </line>
    <line>
      <![CDATA[After Method]]>
    </line>
    <line>
      <![CDATA[Before Method]]>
    </line>
    <line>
      <![CDATA[On Test Start Listner: Begining Test name : LestKodeIt_Test004 started execution]]>
    </line>
    <line>
      <![CDATA[On Test Success Listner: Test Name : LestKodeIt_Test004 Passed successfully]]>
    </line>
    <line>
      <![CDATA[After Method]]>
    </line>
  </reporter-output>
  <suite name="Suite" duration-ms="34678" started-at="2017-09-24T01:39:25Z" finished-at="2017-09-24T01:40:00Z">
    <groups>
    </groups>
    <test name="Selenium Testing" duration-ms="34678" started-at="2017-09-24T01:39:25Z" finished-at="2017-09-24T01:40:00Z">
      <class name="tests.PageNavigationTest">
        <test-method status="PASS" signature="beforeClass()[pri:0, instance:tests.PageNavigationTest@34b7bfc0]" name="beforeClass" is-config="true" duration-ms="1" started-at="2017-09-23T20:39:26Z" finished-at="2017-09-23T20:39:26Z">
          <reporter-output>
          </reporter-output>
        </test-method> <!-- beforeClass -->
        <test-method status="PASS" signature="beforeMethod()[pri:0, instance:tests.PageNavigationTest@34b7bfc0]" name="beforeMethod" is-config="true" duration-ms="2628" started-at="2017-09-23T20:39:26Z" finished-at="2017-09-23T20:39:28Z">
          <reporter-output>
            <line>
              <![CDATA[Before Method]]>
            </line>
          </reporter-output>
        </test-method> <!-- beforeMethod -->
        <test-method status="PASS" signature="DirectEnergy_test001()[pri:0, instance:tests.PageNavigationTest@34b7bfc0]" name="DirectEnergy_test001" duration-ms="1750" started-at="2017-09-23T20:39:28Z" finished-at="2017-09-23T20:39:30Z">
          <reporter-output>
            <line>
              <![CDATA[On Test Start Listner: Begining Test name : flightcancel started execution]]>
            </line>
            <line>
              <![CDATA[On Test Success Listner: Test Name : DirectEnergy_test001 Passed successfully]]>
            </line>
          </reporter-output>
        </test-method> <!-- DirectEnergy_test001 -->
        <test-method status="PASS" signature="afterMethod()[pri:0, instance:tests.PageNavigationTest@34b7bfc0]" name="afterMethod" is-config="true" duration-ms="835" started-at="2017-09-23T20:39:30Z" finished-at="2017-09-23T20:39:31Z">
          <reporter-output>
            <line>
              <![CDATA[After Method]]>
            </line>
          </reporter-output>
        </test-method> <!-- afterMethod -->
        <test-method status="PASS" signature="beforeMethod()[pri:0, instance:tests.PageNavigationTest@34b7bfc0]" name="beforeMethod" is-config="true" duration-ms="1965" started-at="2017-09-23T20:39:31Z" finished-at="2017-09-23T20:39:33Z">
          <reporter-output>
            <line>
              <![CDATA[Before Method]]>
            </line>
          </reporter-output>
        </test-method> <!-- beforeMethod -->
        <test-method status="PASS" signature="LestKodeIt_Test001()[pri:0, instance:tests.PageNavigationTest@34b7bfc0]" name="LestKodeIt_Test001" duration-ms="6579" started-at="2017-09-23T20:39:33Z" finished-at="2017-09-23T20:39:39Z">
          <reporter-output>
            <line>
              <![CDATA[On Test Start Listner: Begining Test name : LestKodeIt_Test001 started execution]]>
            </line>
            <line>
              <![CDATA[On Test Success Listner: Test Name : LestKodeIt_Test001 Passed successfully]]>
            </line>
          </reporter-output>
        </test-method> <!-- LestKodeIt_Test001 -->
        <test-method status="PASS" signature="afterMethod()[pri:0, instance:tests.PageNavigationTest@34b7bfc0]" name="afterMethod" is-config="true" duration-ms="817" started-at="2017-09-23T20:39:39Z" finished-at="2017-09-23T20:39:40Z">
          <reporter-output>
            <line>
              <![CDATA[After Method]]>
            </line>
          </reporter-output>
        </test-method> <!-- afterMethod -->
        <test-method status="PASS" signature="beforeMethod()[pri:0, instance:tests.PageNavigationTest@34b7bfc0]" name="beforeMethod" is-config="true" duration-ms="1994" started-at="2017-09-23T20:39:40Z" finished-at="2017-09-23T20:39:42Z">
          <reporter-output>
            <line>
              <![CDATA[Before Method]]>
            </line>
          </reporter-output>
        </test-method> <!-- beforeMethod -->
        <test-method status="PASS" signature="LestKodeIt_Test002()[pri:0, instance:tests.PageNavigationTest@34b7bfc0]" name="LestKodeIt_Test002" duration-ms="1805" started-at="2017-09-23T20:39:42Z" finished-at="2017-09-23T20:39:44Z">
          <reporter-output>
            <line>
              <![CDATA[On Test Start Listner: Begining Test name : LestKodeIt_Test002 started execution]]>
            </line>
            <line>
              <![CDATA[On Test Success Listner: Test Name : LestKodeIt_Test002 Passed successfully]]>
            </line>
          </reporter-output>
        </test-method> <!-- LestKodeIt_Test002 -->
        <test-method status="PASS" signature="afterMethod()[pri:0, instance:tests.PageNavigationTest@34b7bfc0]" name="afterMethod" is-config="true" duration-ms="792" started-at="2017-09-23T20:39:44Z" finished-at="2017-09-23T20:39:45Z">
          <reporter-output>
            <line>
              <![CDATA[After Method]]>
            </line>
          </reporter-output>
        </test-method> <!-- afterMethod -->
        <test-method status="PASS" signature="beforeMethod()[pri:0, instance:tests.PageNavigationTest@34b7bfc0]" name="beforeMethod" is-config="true" duration-ms="1939" started-at="2017-09-23T20:39:45Z" finished-at="2017-09-23T20:39:47Z">
          <reporter-output>
            <line>
              <![CDATA[Before Method]]>
            </line>
          </reporter-output>
        </test-method> <!-- beforeMethod -->
        <test-method status="PASS" signature="LestKodeIt_Test004()[pri:0, instance:tests.PageNavigationTest@34b7bfc0]" name="LestKodeIt_Test004" duration-ms="12722" started-at="2017-09-23T20:39:47Z" finished-at="2017-09-23T20:39:59Z">
          <reporter-output>
            <line>
              <![CDATA[On Test Start Listner: Begining Test name : LestKodeIt_Test004 started execution]]>
            </line>
            <line>
              <![CDATA[On Test Success Listner: Test Name : LestKodeIt_Test004 Passed successfully]]>
            </line>
          </reporter-output>
        </test-method> <!-- LestKodeIt_Test004 -->
        <test-method status="PASS" signature="afterMethod()[pri:0, instance:tests.PageNavigationTest@34b7bfc0]" name="afterMethod" is-config="true" duration-ms="836" started-at="2017-09-23T20:39:59Z" finished-at="2017-09-23T20:40:00Z">
          <reporter-output>
            <line>
              <![CDATA[After Method]]>
            </line>
          </reporter-output>
        </test-method> <!-- afterMethod -->
        <test-method status="PASS" signature="afterClass()[pri:0, instance:tests.PageNavigationTest@34b7bfc0]" name="afterClass" is-config="true" duration-ms="0" started-at="2017-09-23T20:40:00Z" finished-at="2017-09-23T20:40:00Z">
          <reporter-output>
          </reporter-output>
        </test-method> <!-- afterClass -->
      </class> <!-- tests.PageNavigationTest -->
      <class name="tests.GoogleSearchFlightBookingTest">
        <test-method status="PASS" signature="beforeSuite()[pri:0, instance:tests.GoogleSearchFlightBookingTest@67b6d4ae]" name="beforeSuite" is-config="true" duration-ms="6" started-at="2017-09-23T20:39:25Z" finished-at="2017-09-23T20:39:25Z">
          <reporter-output>
          </reporter-output>
        </test-method> <!-- beforeSuite -->
        <test-method status="PASS" signature="beforeTest()[pri:0, instance:tests.GoogleSearchFlightBookingTest@67b6d4ae]" name="beforeTest" is-config="true" duration-ms="1" started-at="2017-09-23T20:39:25Z" finished-at="2017-09-23T20:39:26Z">
          <reporter-output>
          </reporter-output>
        </test-method> <!-- beforeTest -->
        <test-method status="PASS" signature="beforeClass()[pri:0, instance:tests.GoogleSearchFlightBookingTest@67b6d4ae]" name="beforeClass" is-config="true" duration-ms="1" started-at="2017-09-23T20:39:26Z" finished-at="2017-09-23T20:39:26Z">
          <reporter-output>
          </reporter-output>
        </test-method> <!-- beforeClass -->
        <test-method status="PASS" signature="beforeMethod()[pri:0, instance:tests.GoogleSearchFlightBookingTest@67b6d4ae]" name="beforeMethod" is-config="true" duration-ms="2628" started-at="2017-09-23T20:39:26Z" finished-at="2017-09-23T20:39:28Z">
          <reporter-output>
            <line>
              <![CDATA[Before Method]]>
            </line>
          </reporter-output>
        </test-method> <!-- beforeMethod -->
        <test-method status="PASS" signature="flightcancel()[pri:0, instance:tests.GoogleSearchFlightBookingTest@67b6d4ae]" name="flightcancel" duration-ms="5123" started-at="2017-09-23T20:39:28Z" finished-at="2017-09-23T20:39:33Z">
          <reporter-output>
            <line>
              <![CDATA[On Test Start Listner: Begining Test name : flightcancel started execution]]>
            </line>
            <line>
              <![CDATA[On Test Success Listner: Test Name : flightcancel Passed successfully]]>
            </line>
          </reporter-output>
        </test-method> <!-- flightcancel -->
        <test-method status="PASS" signature="afterMethod()[pri:0, instance:tests.GoogleSearchFlightBookingTest@67b6d4ae]" name="afterMethod" is-config="true" duration-ms="835" started-at="2017-09-23T20:39:33Z" finished-at="2017-09-23T20:39:34Z">
          <reporter-output>
            <line>
              <![CDATA[After Method]]>
            </line>
          </reporter-output>
        </test-method> <!-- afterMethod -->
        <test-method status="PASS" signature="afterClass()[pri:0, instance:tests.GoogleSearchFlightBookingTest@67b6d4ae]" name="afterClass" is-config="true" duration-ms="0" started-at="2017-09-23T20:39:34Z" finished-at="2017-09-23T20:39:34Z">
          <reporter-output>
          </reporter-output>
        </test-method> <!-- afterClass -->
        <test-method status="PASS" signature="afterTest()[pri:0, instance:tests.GoogleSearchFlightBookingTest@67b6d4ae]" name="afterTest" is-config="true" duration-ms="0" started-at="2017-09-23T20:40:00Z" finished-at="2017-09-23T20:40:00Z">
          <reporter-output>
          </reporter-output>
        </test-method> <!-- afterTest -->
        <test-method status="PASS" signature="afterSuite()[pri:0, instance:tests.GoogleSearchFlightBookingTest@67b6d4ae]" name="afterSuite" is-config="true" duration-ms="1" started-at="2017-09-23T20:40:00Z" finished-at="2017-09-23T20:40:00Z">
          <reporter-output>
          </reporter-output>
        </test-method> <!-- afterSuite -->
      </class> <!-- tests.GoogleSearchFlightBookingTest -->
    </test> <!-- Selenium Testing -->
  </suite> <!-- Suite -->
</testng-results>
